<?xml version="1.0" encoding="UTF-8"?>
<robot generator="Robot 3.1.2 (Python 3.7.1 on win32)" generated="20200107 16:41:47.227" rpa="false">
<suite id="s1" name="TestFunday" source="D:\Python Projects\RobotFramework\Funday\TestFunday.robot">
<test id="s1-t1" name="Test Create Account">
<kw name="Open Application" library="CreateAccountKeywords">
<arguments>
<arg>${baseURL}</arg>
<arg>${browser}</arg>
</arguments>
<kw name="Open Browser" library="Selenium2Library">
<doc>Opens a new browser instance to the optional ``url``.</doc>
<arguments>
<arg>${URL}</arg>
<arg>${Browser}</arg>
</arguments>
<msg timestamp="20200107 16:41:47.396" level="INFO">Opening browser 'chrome' to base url 'https://staging-funday.bring42.com/secure.php'.</msg>
<status status="PASS" starttime="20200107 16:41:47.396" endtime="20200107 16:41:59.259"></status>
</kw>
<kw name="Maximize Browser Window" library="Selenium2Library">
<doc>Maximizes current browser window.</doc>
<status status="PASS" starttime="20200107 16:41:59.260" endtime="20200107 16:42:00.386"></status>
</kw>
<status status="PASS" starttime="20200107 16:41:47.395" endtime="20200107 16:42:00.387"></status>
</kw>
<kw name="Sleep" library="BuiltIn">
<doc>Pauses the test executed for the given time.</doc>
<arguments>
<arg>1s</arg>
</arguments>
<msg timestamp="20200107 16:42:01.390" level="INFO">Slept 1 second</msg>
<status status="PASS" starttime="20200107 16:42:00.388" endtime="20200107 16:42:01.390"></status>
</kw>
<kw name="Goto Create Account" library="CreateAccountKeywords">
<kw name="Click Element" library="Selenium2Library">
<doc>Click the element identified by ``locator``.</doc>
<arguments>
<arg>${createAccount}</arg>
</arguments>
<msg timestamp="20200107 16:42:01.393" level="INFO">Clicking element 'xpath: //*[@id="body-block"]/div[2]/div/label[2]'.</msg>
<status status="PASS" starttime="20200107 16:42:01.393" endtime="20200107 16:42:01.460"></status>
</kw>
<status status="PASS" starttime="20200107 16:42:01.392" endtime="20200107 16:42:01.460"></status>
</kw>
<kw name="Enter AccountDetails" library="CreateAccountKeywords">
<arguments>
<arg>${logName}</arg>
<arg>${pword}</arg>
<arg>${mailAdd}</arg>
</arguments>
<kw name="Input Text" library="Selenium2Library">
<doc>Types the given ``text`` into the text field identified by ``locator``.</doc>
<arguments>
<arg>${userName}</arg>
<arg>${uname}</arg>
</arguments>
<msg timestamp="20200107 16:42:01.461" level="INFO">Typing text 'abcd25' into text field 'id:rusername'.</msg>
<status status="PASS" starttime="20200107 16:42:01.461" endtime="20200107 16:42:01.532"></status>
</kw>
<kw name="Input Text" library="Selenium2Library">
<doc>Types the given ``text`` into the text field identified by ``locator``.</doc>
<arguments>
<arg>${password}</arg>
<arg>${passcode}</arg>
</arguments>
<msg timestamp="20200107 16:42:01.532" level="INFO">Typing text 'abcd123' into text field 'id:rpassword'.</msg>
<status status="PASS" starttime="20200107 16:42:01.532" endtime="20200107 16:42:01.590"></status>
</kw>
<kw name="Input Text" library="Selenium2Library">
<doc>Types the given ``text`` into the text field identified by ``locator``.</doc>
<arguments>
<arg>${confirmPassword}</arg>
<arg>${passcode}</arg>
</arguments>
<msg timestamp="20200107 16:42:01.591" level="INFO">Typing text 'abcd123' into text field 'id:rrpassword'.</msg>
<status status="PASS" starttime="20200107 16:42:01.590" endtime="20200107 16:42:01.645"></status>
</kw>
<kw name="Input Text" library="Selenium2Library">
<doc>Types the given ``text`` into the text field identified by ``locator``.</doc>
<arguments>
<arg>${email}</arg>
<arg>${mailId}</arg>
</arguments>
<msg timestamp="20200107 16:42:01.645" level="INFO">Typing text 'test@gmail.com' into text field 'id:remail'.</msg>
<status status="PASS" starttime="20200107 16:42:01.645" endtime="20200107 16:42:01.718"></status>
</kw>
<status status="PASS" starttime="20200107 16:42:01.461" endtime="20200107 16:42:01.718"></status>
</kw>
<kw name="Click Register" library="CreateAccountKeywords">
<kw name="Click Button" library="Selenium2Library">
<doc>Clicks the button identified by ``locator``.</doc>
<arguments>
<arg>${registerBtn}</arg>
</arguments>
<msg timestamp="20200107 16:42:01.719" level="INFO">Clicking button 'id:register'.</msg>
<status status="PASS" starttime="20200107 16:42:01.719" endtime="20200107 16:42:01.775"></status>
</kw>
<status status="PASS" starttime="20200107 16:42:01.719" endtime="20200107 16:42:01.776"></status>
</kw>
<kw name="Sleep" library="BuiltIn">
<doc>Pauses the test executed for the given time.</doc>
<arguments>
<arg>0.25s</arg>
</arguments>
<msg timestamp="20200107 16:42:02.027" level="INFO">Slept 250 milliseconds</msg>
<status status="PASS" starttime="20200107 16:42:01.776" endtime="20200107 16:42:02.027"></status>
</kw>
<kw name="Alert Should Be Present" library="Selenium2Library">
<doc>Verifies that an alert is present and by default, accepts it.</doc>
<arguments>
<arg>action=ACCEPT</arg>
</arguments>
<status status="PASS" starttime="20200107 16:42:02.027" endtime="20200107 16:42:03.055"></status>
</kw>
<status status="PASS" starttime="20200107 16:41:47.395" endtime="20200107 16:42:03.056" critical="yes"></status>
</test>
<test id="s1-t2" name="Test Login">
<kw name="Enter Credantials" library="LoginKeywords">
<arguments>
<arg>${logName}</arg>
<arg>${pword}</arg>
</arguments>
<kw name="Input Text" library="Selenium2Library">
<doc>Types the given ``text`` into the text field identified by ``locator``.</doc>
<arguments>
<arg>${loginName}</arg>
<arg>${uname}</arg>
</arguments>
<msg timestamp="20200107 16:42:03.063" level="INFO">Typing text 'abcd25' into text field 'id:username'.</msg>
<status status="PASS" starttime="20200107 16:42:03.063" endtime="20200107 16:42:05.828"></status>
</kw>
<kw name="Input Text" library="Selenium2Library">
<doc>Types the given ``text`` into the text field identified by ``locator``.</doc>
<arguments>
<arg>${loginPassword}</arg>
<arg>${passcode}</arg>
</arguments>
<msg timestamp="20200107 16:42:05.828" level="INFO">Typing text 'abcd123' into text field 'id:password'.</msg>
<status status="PASS" starttime="20200107 16:42:05.828" endtime="20200107 16:42:05.883"></status>
</kw>
<status status="PASS" starttime="20200107 16:42:03.062" endtime="20200107 16:42:05.883"></status>
</kw>
<kw name="Click Login" library="LoginKeywords">
<kw name="Click Button" library="Selenium2Library">
<doc>Clicks the button identified by ``locator``.</doc>
<arguments>
<arg>${loginBtn}</arg>
</arguments>
<msg timestamp="20200107 16:42:05.884" level="INFO">Clicking button 'login'.</msg>
<status status="PASS" starttime="20200107 16:42:05.884" endtime="20200107 16:42:05.944"></status>
</kw>
<status status="PASS" starttime="20200107 16:42:05.883" endtime="20200107 16:42:05.944"></status>
</kw>
<kw name="Wait Until Element Is Visible" library="Selenium2Library">
<doc>Waits until the element ``locator`` is visible.</doc>
<arguments>
<arg>${spotName}</arg>
<arg>${timeout}</arg>
</arguments>
<status status="PASS" starttime="20200107 16:42:05.945" endtime="20200107 16:42:07.958"></status>
</kw>
<status status="PASS" starttime="20200107 16:42:03.060" endtime="20200107 16:42:07.958" critical="yes"></status>
</test>
<test id="s1-t3" name="Test Add a Spot">
<kw name="Enter Spot Name" library="CreateSpotKeywords">
<arguments>
<arg>${sName}</arg>
</arguments>
<kw name="Input Text" library="Selenium2Library">
<doc>Types the given ``text`` into the text field identified by ``locator``.</doc>
<arguments>
<arg>${spotName}</arg>
<arg>${spot}</arg>
</arguments>
<msg timestamp="20200107 16:42:07.960" level="INFO">Typing text 'Test Spot' into text field 'id:spot_name'.</msg>
<status status="PASS" starttime="20200107 16:42:07.960" endtime="20200107 16:42:08.022"></status>
</kw>
<status status="PASS" starttime="20200107 16:42:07.960" endtime="20200107 16:42:08.022"></status>
</kw>
<kw name="Enter Spot Address" library="CreateSpotKeywords">
<arguments>
<arg>${address}</arg>
</arguments>
<kw name="Input Text" library="Selenium2Library">
<doc>Types the given ``text`` into the text field identified by ``locator``.</doc>
<arguments>
<arg>${spotAddress}</arg>
<arg>${address}</arg>
</arguments>
<msg timestamp="20200107 16:42:08.023" level="INFO">Typing text 'Sentosa Resort' into text field 'id:spot_address'.</msg>
<status status="PASS" starttime="20200107 16:42:08.022" endtime="20200107 16:42:08.096"></status>
</kw>
<status status="PASS" starttime="20200107 16:42:08.022" endtime="20200107 16:42:08.096"></status>
</kw>
<kw name="Enter City" library="CreateSpotKeywords">
<arguments>
<arg>${city}</arg>
</arguments>
<kw name="Input Text" library="Selenium2Library">
<doc>Types the given ``text`` into the text field identified by ``locator``.</doc>
<arguments>
<arg>${cityLoc}</arg>
<arg>${city}</arg>
</arguments>
<msg timestamp="20200107 16:42:08.097" level="INFO">Typing text 'Home Town' into text field 'id:spot_town'.</msg>
<status status="PASS" starttime="20200107 16:42:08.097" endtime="20200107 16:42:08.160"></status>
</kw>
<status status="PASS" starttime="20200107 16:42:08.096" endtime="20200107 16:42:08.160"></status>
</kw>
<kw name="Click Add Button" library="CreateSpotKeywords">
<kw name="Click Button" library="Selenium2Library">
<doc>Clicks the button identified by ``locator``.</doc>
<arguments>
<arg>${addBtn}</arg>
</arguments>
<msg timestamp="20200107 16:42:08.160" level="INFO">Clicking button 'id:addSpot'.</msg>
<status status="PASS" starttime="20200107 16:42:08.160" endtime="20200107 16:42:08.230"></status>
</kw>
<status status="PASS" starttime="20200107 16:42:08.160" endtime="20200107 16:42:08.230"></status>
</kw>
<status status="PASS" starttime="20200107 16:42:07.959" endtime="20200107 16:42:08.230" critical="yes"></status>
</test>
<status status="PASS" starttime="20200107 16:41:47.229" endtime="20200107 16:42:08.232"></status>
</suite>
<statistics>
<total>
<stat pass="3" fail="0">Critical Tests</stat>
<stat pass="3" fail="0">All Tests</stat>
</total>
<tag>
</tag>
<suite>
<stat pass="3" fail="0" id="s1" name="TestFunday">TestFunday</stat>
</suite>
</statistics>
<errors>
</errors>
</robot>
