<?xml version="1.0" encoding="UTF-8"?>
<robot generator="Robot 3.1.2 (Python 3.7.1 on win32)" generated="20200107 15:31:34.422" rpa="false">
<suite id="s1" name="TestFunday" source="D:\Python Projects\RobotFramework\Funday\TestFunday.robot">
<test id="s1-t1" name="Test Create Account">
<kw name="Open Application" library="CreateAccountKeywords">
<arguments>
<arg>${baseURL}</arg>
<arg>${browser}</arg>
</arguments>
<kw name="Open Browser" library="Selenium2Library">
<doc>Opens a new browser instance to the optional ``url``.</doc>
<arguments>
<arg>${URL}</arg>
<arg>${Browser}</arg>
</arguments>
<msg timestamp="20200107 15:31:34.599" level="INFO">Opening browser 'chrome' to base url 'https://staging-funday.bring42.com/secure.php'.</msg>
<status status="PASS" starttime="20200107 15:31:34.598" endtime="20200107 15:31:43.311"></status>
</kw>
<kw name="Maximize Browser Window" library="Selenium2Library">
<doc>Maximizes current browser window.</doc>
<status status="PASS" starttime="20200107 15:31:43.311" endtime="20200107 15:31:44.430"></status>
</kw>
<status status="PASS" starttime="20200107 15:31:34.598" endtime="20200107 15:31:44.430"></status>
</kw>
<kw name="Sleep" library="BuiltIn">
<doc>Pauses the test executed for the given time.</doc>
<arguments>
<arg>1s</arg>
</arguments>
<msg timestamp="20200107 15:31:45.432" level="INFO">Slept 1 second</msg>
<status status="PASS" starttime="20200107 15:31:44.430" endtime="20200107 15:31:45.432"></status>
</kw>
<kw name="Goto Create Account" library="CreateAccountKeywords">
<kw name="Click Element" library="Selenium2Library">
<doc>Click the element identified by ``locator``.</doc>
<arguments>
<arg>${createAccount}</arg>
</arguments>
<msg timestamp="20200107 15:31:45.433" level="INFO">Clicking element 'xpath: //*[@id="body-block"]/div[2]/div/label[2]'.</msg>
<status status="PASS" starttime="20200107 15:31:45.432" endtime="20200107 15:31:45.483"></status>
</kw>
<status status="PASS" starttime="20200107 15:31:45.432" endtime="20200107 15:31:45.483"></status>
</kw>
<kw name="Enter AccountDetails" library="CreateAccountKeywords">
<arguments>
<arg>${logName}</arg>
<arg>${pword}</arg>
<arg>${mailAdd}</arg>
</arguments>
<kw name="Input Text" library="Selenium2Library">
<doc>Types the given ``text`` into the text field identified by ``locator``.</doc>
<arguments>
<arg>${userName}</arg>
<arg>${uname}</arg>
</arguments>
<msg timestamp="20200107 15:31:45.484" level="INFO">Typing text 'abcd' into text field 'id:rusername'.</msg>
<status status="PASS" starttime="20200107 15:31:45.483" endtime="20200107 15:31:45.567"></status>
</kw>
<kw name="Input Text" library="Selenium2Library">
<doc>Types the given ``text`` into the text field identified by ``locator``.</doc>
<arguments>
<arg>${password}</arg>
<arg>${passcode}</arg>
</arguments>
<msg timestamp="20200107 15:31:45.568" level="INFO">Typing text 'abcd123' into text field 'id:rpassword'.</msg>
<status status="PASS" starttime="20200107 15:31:45.567" endtime="20200107 15:31:45.643"></status>
</kw>
<kw name="Input Text" library="Selenium2Library">
<doc>Types the given ``text`` into the text field identified by ``locator``.</doc>
<arguments>
<arg>${confirmPassword}</arg>
<arg>${passcode}</arg>
</arguments>
<msg timestamp="20200107 15:31:45.644" level="INFO">Typing text 'abcd123' into text field 'id:rrpassword'.</msg>
<status status="PASS" starttime="20200107 15:31:45.644" endtime="20200107 15:31:45.701"></status>
</kw>
<kw name="Input Text" library="Selenium2Library">
<doc>Types the given ``text`` into the text field identified by ``locator``.</doc>
<arguments>
<arg>${email}</arg>
<arg>${mailId}</arg>
</arguments>
<msg timestamp="20200107 15:31:45.701" level="INFO">Typing text 'test@gmail.com' into text field 'id:remail'.</msg>
<status status="PASS" starttime="20200107 15:31:45.701" endtime="20200107 15:31:45.773"></status>
</kw>
<status status="PASS" starttime="20200107 15:31:45.483" endtime="20200107 15:31:45.773"></status>
</kw>
<kw name="Click Register" library="CreateAccountKeywords">
<kw name="Click Button" library="Selenium2Library">
<doc>Clicks the button identified by ``locator``.</doc>
<arguments>
<arg>${registerBtn}</arg>
</arguments>
<msg timestamp="20200107 15:31:45.774" level="INFO">Clicking button 'id:register'.</msg>
<status status="PASS" starttime="20200107 15:31:45.774" endtime="20200107 15:31:45.835"></status>
</kw>
<status status="PASS" starttime="20200107 15:31:45.774" endtime="20200107 15:31:45.835"></status>
</kw>
<kw name="Sleep" library="BuiltIn">
<doc>Pauses the test executed for the given time.</doc>
<arguments>
<arg>0.25s</arg>
</arguments>
<msg timestamp="20200107 15:31:46.086" level="INFO">Slept 250 milliseconds</msg>
<status status="PASS" starttime="20200107 15:31:45.835" endtime="20200107 15:31:46.086"></status>
</kw>
<kw name="Alert Should Be Present" library="Selenium2Library">
<doc>Verifies that an alert is present and by default, accepts it.</doc>
<arguments>
<arg>action=ACCEPT</arg>
</arguments>
<status status="PASS" starttime="20200107 15:31:46.086" endtime="20200107 15:31:46.596"></status>
</kw>
<status status="PASS" starttime="20200107 15:31:34.598" endtime="20200107 15:31:46.596" critical="yes"></status>
</test>
<test id="s1-t2" name="Test Login">
<kw name="Enter Credantials" library="LoginKeywords">
<arguments>
<arg>${logName}</arg>
<arg>${pword}</arg>
</arguments>
<kw name="Input Text" library="Selenium2Library">
<doc>Types the given ``text`` into the text field identified by ``locator``.</doc>
<arguments>
<arg>${loginName}</arg>
<arg>${uname}</arg>
</arguments>
<msg timestamp="20200107 15:31:46.598" level="INFO">Typing text 'abcd' into text field 'id:username'.</msg>
<status status="PASS" starttime="20200107 15:31:46.598" endtime="20200107 15:31:47.550"></status>
</kw>
<kw name="Input Text" library="Selenium2Library">
<doc>Types the given ``text`` into the text field identified by ``locator``.</doc>
<arguments>
<arg>${loginPassword}</arg>
<arg>${passcode}</arg>
</arguments>
<msg timestamp="20200107 15:31:47.551" level="INFO">Typing text 'abcd123' into text field 'id:password'.</msg>
<status status="PASS" starttime="20200107 15:31:47.550" endtime="20200107 15:31:47.608"></status>
</kw>
<status status="PASS" starttime="20200107 15:31:46.598" endtime="20200107 15:31:47.608"></status>
</kw>
<kw name="Click Login" library="LoginKeywords">
<kw name="Click Button" library="Selenium2Library">
<doc>Clicks the button identified by ``locator``.</doc>
<arguments>
<arg>${loginBtn}</arg>
</arguments>
<msg timestamp="20200107 15:31:47.608" level="INFO">Clicking button 'login'.</msg>
<status status="PASS" starttime="20200107 15:31:47.608" endtime="20200107 15:31:47.671"></status>
</kw>
<status status="PASS" starttime="20200107 15:31:47.608" endtime="20200107 15:31:47.671"></status>
</kw>
<status status="PASS" starttime="20200107 15:31:46.597" endtime="20200107 15:31:47.671" critical="yes"></status>
</test>
<status status="PASS" starttime="20200107 15:31:34.424" endtime="20200107 15:31:47.672"></status>
</suite>
<statistics>
<total>
<stat pass="2" fail="0">Critical Tests</stat>
<stat pass="2" fail="0">All Tests</stat>
</total>
<tag>
</tag>
<suite>
<stat pass="2" fail="0" id="s1" name="TestFunday">TestFunday</stat>
</suite>
</statistics>
<errors>
</errors>
</robot>
